 (0,0): Unity incremental compiler server
 (0,0): watchdog active on pid: 24928
 (0,0): [10/22/2018 02:26:55.491 PM] Assembly-CSharp-Editor.dll: no prior compilation found in cache
 (0,0): [10/22/2018 02:26:55.504 PM] Assembly-CSharp-Editor.dll compiling...
 (0,0): [10/22/2018 02:26:57.165 PM] Assembly-CSharp-Editor.dll: emitting IL to : D:\Documents\SimpleLitTests\Temp\Assembly-CSharp-Editor.dll
 (0,0): [10/22/2018 02:26:57.219 PM] Assembly-CSharp-Editor.dll compilation finished in 1715ms  source files re-parsed: 1 metadata reloaded: 210
 (0,0): [10/22/2018 02:27:47.333 PM] Compiler cache size is now 15.39 MB
 (0,0): [10/22/2018 02:42:11.154 PM] Assembly-CSharp-Editor.dll compiling...
 (0,0): [10/22/2018 02:42:11.197 PM] Assembly-CSharp-Editor.dll: emitting IL to : D:\Documents\SimpleLitTests\Temp\Assembly-CSharp-Editor.dll
 (0,0): [10/22/2018 02:42:11.209 PM] Assembly-CSharp-Editor.dll compilation finished in 54ms  source files re-parsed: 1 metadata reloaded: 0
 (0,0): [10/22/2018 02:42:11.220 PM] Assembly-CSharp-Editor.dll: compilation was cached, 1 file(s) were found to have changed.
 (0,0): [10/22/2018 02:42:29.340 PM] Assembly-CSharp-Editor.dll compiling...
 (0,0): [10/22/2018 02:42:29.681 PM] Assembly-CSharp-Editor.dll: emitting IL to : D:\Documents\SimpleLitTests\Temp\Assembly-CSharp-Editor.dll
 (0,0): [10/22/2018 02:42:29.730 PM] Assembly-CSharp-Editor.dll compilation finished in 390ms  source files re-parsed: 1 metadata reloaded: 0
 (0,0): [10/22/2018 02:42:29.741 PM] Assembly-CSharp-Editor.dll: compilation was cached, 1 file(s) were found to have changed.
 (0,0): [10/22/2018 02:43:12.914 PM] Assembly-CSharp-Editor.dll compiling...
 (0,0): [10/22/2018 02:43:12.941 PM] Assembly-CSharp-Editor.dll: emitting IL to : D:\Documents\SimpleLitTests\Temp\Assembly-CSharp-Editor.dll
 (0,0): [10/22/2018 02:43:12.967 PM] Assembly-CSharp-Editor.dll compilation finished in 53ms  source files re-parsed: 1 metadata reloaded: 0
 (0,0): [10/22/2018 02:43:12.978 PM] Assembly-CSharp-Editor.dll: compilation was cached, 1 file(s) were found to have changed.
 (0,0): [10/22/2018 02:43:19.370 PM] Assembly-CSharp-Editor.dll compiling...
 (0,0): [10/22/2018 02:43:19.400 PM] Assembly-CSharp-Editor.dll: emitting IL to : D:\Documents\SimpleLitTests\Temp\Assembly-CSharp-Editor.dll
 (0,0): [10/22/2018 02:43:19.428 PM] Assembly-CSharp-Editor.dll compilation finished in 58ms  source files re-parsed: 1 metadata reloaded: 0
 (0,0): [10/22/2018 02:43:19.439 PM] Assembly-CSharp-Editor.dll: compilation was cached, 1 file(s) were found to have changed.
 (0,0): [10/22/2018 02:44:43.629 PM] Assembly-CSharp-Editor.dll compiling...
 (0,0): [10/22/2018 02:44:43.656 PM] Assembly-CSharp-Editor.dll: emitting IL to : D:\Documents\SimpleLitTests\Temp\Assembly-CSharp-Editor.dll
 (0,0): [10/22/2018 02:44:43.682 PM] Assembly-CSharp-Editor.dll compilation finished in 53ms  source files re-parsed: 1 metadata reloaded: 0
 (0,0): [10/22/2018 02:44:43.694 PM] Assembly-CSharp-Editor.dll: compilation was cached, 1 file(s) were found to have changed.
 (0,0): [10/22/2018 02:46:56.553 PM] Assembly-CSharp-Editor.dll compiling...
 (0,0): [10/22/2018 02:46:56.580 PM] Assembly-CSharp-Editor.dll: emitting IL to : D:\Documents\SimpleLitTests\Temp\Assembly-CSharp-Editor.dll
 (0,0): [10/22/2018 02:46:56.609 PM] Assembly-CSharp-Editor.dll compilation finished in 56ms  source files re-parsed: 1 metadata reloaded: 0
 (0,0): [10/22/2018 02:46:56.621 PM] Assembly-CSharp-Editor.dll: compilation was cached, 1 file(s) were found to have changed.
 (0,0): [10/22/2018 02:48:27.231 PM] Assembly-CSharp-Editor.dll compiling...
 (0,0): [10/22/2018 02:48:27.260 PM] Assembly-CSharp-Editor.dll: emitting IL to : D:\Documents\SimpleLitTests\Temp\Assembly-CSharp-Editor.dll
 (0,0): [10/22/2018 02:48:27.288 PM] Assembly-CSharp-Editor.dll compilation finished in 56ms  source files re-parsed: 1 metadata reloaded: 0
 (0,0): [10/22/2018 02:48:27.299 PM] Assembly-CSharp-Editor.dll: compilation was cached, 1 file(s) were found to have changed.
 (0,0): [10/22/2018 02:49:51.338 PM] Assembly-CSharp-Editor.dll compiling...
 (0,0): [10/22/2018 02:49:51.365 PM] Assembly-CSharp-Editor.dll: emitting IL to : D:\Documents\SimpleLitTests\Temp\Assembly-CSharp-Editor.dll
 (0,0): [10/22/2018 02:49:51.392 PM] Assembly-CSharp-Editor.dll compilation finished in 54ms  source files re-parsed: 1 metadata reloaded: 0
 (0,0): [10/22/2018 02:49:51.404 PM] Assembly-CSharp-Editor.dll: compilation was cached, 1 file(s) were found to have changed.
 (0,0): [10/22/2018 02:50:15.522 PM] Assembly-CSharp-Editor.dll compiling...
 (0,0): [10/22/2018 02:50:15.552 PM] Assembly-CSharp-Editor.dll: emitting IL to : D:\Documents\SimpleLitTests\Temp\Assembly-CSharp-Editor.dll
 (0,0): [10/22/2018 02:50:15.579 PM] Assembly-CSharp-Editor.dll compilation finished in 56ms  source files re-parsed: 1 metadata reloaded: 0
 (0,0): [10/22/2018 02:50:15.590 PM] Assembly-CSharp-Editor.dll: compilation was cached, 1 file(s) were found to have changed.
 (0,0): [10/22/2018 02:50:27.483 PM] Assembly-CSharp-Editor.dll compiling...
 (0,0): [10/22/2018 02:50:27.512 PM] Assembly-CSharp-Editor.dll: emitting IL to : D:\Documents\SimpleLitTests\Temp\Assembly-CSharp-Editor.dll
 (0,0): [10/22/2018 02:50:27.538 PM] Assembly-CSharp-Editor.dll compilation finished in 54ms  source files re-parsed: 1 metadata reloaded: 0
 (0,0): [10/22/2018 02:50:27.549 PM] Assembly-CSharp-Editor.dll: compilation was cached, 1 file(s) were found to have changed.
 (0,0): [10/22/2018 02:50:35.704 PM] Assembly-CSharp-Editor.dll compiling...
 (0,0): [10/22/2018 02:50:35.733 PM] Assembly-CSharp-Editor.dll: emitting IL to : D:\Documents\SimpleLitTests\Temp\Assembly-CSharp-Editor.dll
 (0,0): [10/22/2018 02:50:35.759 PM] Assembly-CSharp-Editor.dll compilation finished in 55ms  source files re-parsed: 1 metadata reloaded: 0
 (0,0): [10/22/2018 02:50:35.771 PM] Assembly-CSharp-Editor.dll: compilation was cached, 1 file(s) were found to have changed.
 (0,0): [10/22/2018 02:50:41.230 PM] Assembly-CSharp-Editor.dll compiling...
 (0,0): [10/22/2018 02:50:41.258 PM] Assembly-CSharp-Editor.dll: emitting IL to : D:\Documents\SimpleLitTests\Temp\Assembly-CSharp-Editor.dll
 (0,0): [10/22/2018 02:50:41.283 PM] Assembly-CSharp-Editor.dll compilation finished in 53ms  source files re-parsed: 1 metadata reloaded: 0
 (0,0): [10/22/2018 02:50:41.295 PM] Assembly-CSharp-Editor.dll: compilation was cached, 1 file(s) were found to have changed.
 (0,0): [10/22/2018 02:51:07.528 PM] Assembly-CSharp-Editor.dll compiling...
 (0,0): [10/22/2018 02:51:07.557 PM] Assembly-CSharp-Editor.dll: emitting IL to : D:\Documents\SimpleLitTests\Temp\Assembly-CSharp-Editor.dll
 (0,0): [10/22/2018 02:51:07.584 PM] Assembly-CSharp-Editor.dll compilation finished in 56ms  source files re-parsed: 1 metadata reloaded: 0
 (0,0): [10/22/2018 02:51:07.596 PM] Assembly-CSharp-Editor.dll: compilation was cached, 1 file(s) were found to have changed.
 (0,0): [10/22/2018 02:58:13.148 PM] Assembly-CSharp-Editor.dll compiling...
 (0,0): [10/22/2018 02:58:13.175 PM] Assembly-CSharp-Editor.dll: emitting IL to : D:\Documents\SimpleLitTests\Temp\Assembly-CSharp-Editor.dll
 (0,0): [10/22/2018 02:58:13.205 PM] Assembly-CSharp-Editor.dll compilation finished in 57ms  source files re-parsed: 1 metadata reloaded: 0
 (0,0): [10/22/2018 02:58:13.216 PM] Assembly-CSharp-Editor.dll: compilation was cached, 1 file(s) were found to have changed.
 (0,0): [10/22/2018 02:58:45.518 PM] Assembly-CSharp-Editor.dll compiling...
 (0,0): [10/22/2018 02:58:45.547 PM] Assembly-CSharp-Editor.dll: emitting IL to : D:\Documents\SimpleLitTests\Temp\Assembly-CSharp-Editor.dll
 (0,0): [10/22/2018 02:58:45.575 PM] Assembly-CSharp-Editor.dll compilation finished in 56ms  source files re-parsed: 1 metadata reloaded: 0
 (0,0): [10/22/2018 02:58:45.585 PM] Assembly-CSharp-Editor.dll: compilation was cached, 1 file(s) were found to have changed.
 (0,0): [10/22/2018 03:12:42.798 PM] Assembly-CSharp-Editor.dll compiling...
 (0,0): [10/22/2018 03:12:42.825 PM] Assembly-CSharp-Editor.dll: emitting IL to : D:\Documents\SimpleLitTests\Temp\Assembly-CSharp-Editor.dll
 (0,0): [10/22/2018 03:12:42.853 PM] Assembly-CSharp-Editor.dll compilation finished in 55ms  source files re-parsed: 1 metadata reloaded: 0
 (0,0): [10/22/2018 03:12:42.865 PM] Assembly-CSharp-Editor.dll: compilation was cached, 1 file(s) were found to have changed.
 (0,0): [10/22/2018 03:19:02.555 PM] Assembly-CSharp-Editor.dll compiling...
 (0,0): [10/22/2018 03:19:02.586 PM] Assembly-CSharp-Editor.dll: emitting IL to : D:\Documents\SimpleLitTests\Temp\Assembly-CSharp-Editor.dll
 (0,0): [10/22/2018 03:19:02.624 PM] Assembly-CSharp-Editor.dll compilation finished in 68ms  source files re-parsed: 1 metadata reloaded: 0
 (0,0): [10/22/2018 03:19:02.635 PM] Assembly-CSharp-Editor.dll: compilation was cached, 1 file(s) were found to have changed.
 (0,0): [10/22/2018 04:01:10.459 PM] Assembly-CSharp-Editor.dll compiling...
 (0,0): [10/22/2018 04:01:10.486 PM] Assembly-CSharp-Editor.dll: emitting IL to : D:\Documents\SimpleLitTests\Temp\Assembly-CSharp-Editor.dll
 (0,0): [10/22/2018 04:01:10.528 PM] Assembly-CSharp-Editor.dll compilation finished in 68ms  source files re-parsed: 1 metadata reloaded: 0
 (0,0): [10/22/2018 04:01:10.539 PM] Assembly-CSharp-Editor.dll: compilation was cached, 1 file(s) were found to have changed.
 (0,0): [10/22/2018 04:02:34.663 PM] Assembly-CSharp-Editor.dll compiling...
 (0,0): [10/22/2018 04:02:34.690 PM] Assembly-CSharp-Editor.dll: emitting IL to : D:\Documents\SimpleLitTests\Temp\Assembly-CSharp-Editor.dll
 (0,0): [10/22/2018 04:02:34.720 PM] Assembly-CSharp-Editor.dll compilation finished in 56ms  source files re-parsed: 1 metadata reloaded: 0
 (0,0): [10/22/2018 04:02:34.731 PM] Assembly-CSharp-Editor.dll: compilation was cached, 1 file(s) were found to have changed.
 (0,0): [10/22/2018 04:03:25.914 PM] Assembly-CSharp-Editor.dll compiling...
 (0,0): [10/22/2018 04:03:25.945 PM] Assembly-CSharp-Editor.dll: emitting IL to : D:\Documents\SimpleLitTests\Temp\Assembly-CSharp-Editor.dll
 (0,0): [10/22/2018 04:03:25.972 PM] Assembly-CSharp-Editor.dll compilation finished in 58ms  source files re-parsed: 1 metadata reloaded: 0
 (0,0): [10/22/2018 04:03:25.984 PM] Assembly-CSharp-Editor.dll: compilation was cached, 1 file(s) were found to have changed.
 (0,0): [10/22/2018 04:03:37.642 PM] Assembly-CSharp-Editor.dll compiling...
 (0,0): [10/22/2018 04:03:37.670 PM] Assembly-CSharp-Editor.dll: emitting IL to : D:\Documents\SimpleLitTests\Temp\Assembly-CSharp-Editor.dll
 (0,0): [10/22/2018 04:03:37.696 PM] Assembly-CSharp-Editor.dll compilation finished in 54ms  source files re-parsed: 1 metadata reloaded: 0
 (0,0): [10/22/2018 04:03:37.707 PM] Assembly-CSharp-Editor.dll: compilation was cached, 1 file(s) were found to have changed.
 (0,0): [10/23/2018 08:09:18.710 AM] Assembly-CSharp.dll: no prior compilation found in cache
 (0,0): [10/23/2018 08:09:18.721 AM] Assembly-CSharp.dll compiling...
 (0,0): [10/23/2018 08:09:20.158 AM] Assembly-CSharp.dll: emitting IL to : D:\Documents\SimpleLitTests\Temp\Assembly-CSharp.dll
 (0,0): [10/23/2018 08:09:20.185 AM] Assembly-CSharp.dll compilation finished in 1463ms  source files re-parsed: 1 metadata reloaded: 115
 (0,0): [10/23/2018 08:09:20.602 AM] Assembly-CSharp-Editor.dll compiling...
 (0,0): [10/23/2018 08:09:20.629 AM] Assembly-CSharp-Editor.dll: emitting IL to : D:\Documents\SimpleLitTests\Temp\Assembly-CSharp-Editor.dll
 (0,0): [10/23/2018 08:09:20.654 AM] Assembly-CSharp-Editor.dll compilation finished in 52ms  source files re-parsed: 1 metadata reloaded: 1
 (0,0): [10/23/2018 08:09:20.665 AM] Assembly-CSharp-Editor.dll: compilation was cached, 1 file(s) were found to have changed.
 (0,0): [10/23/2018 08:10:11.631 AM] Compiler cache size is now 17.35 MB
 (0,0): [10/23/2018 08:12:25.524 AM] Assembly-CSharp.dll compiling...
 (0,0): [10/23/2018 08:12:25.586 AM] Assembly-CSharp.dll: emitting IL to : D:\Documents\SimpleLitTests\Temp\Assembly-CSharp.dll
 (0,0): [10/23/2018 08:12:25.613 AM] Assembly-CSharp.dll compilation finished in 88ms  source files re-parsed: 1 metadata reloaded: 0
 (0,0): [10/23/2018 08:12:25.624 AM] Assembly-CSharp.dll: compilation was cached, 1 file(s) were found to have changed.
 (0,0): [10/23/2018 08:12:25.908 AM] Assembly-CSharp-Editor.dll compiling...
 (0,0): [10/23/2018 08:12:25.939 AM] Assembly-CSharp-Editor.dll: emitting IL to : D:\Documents\SimpleLitTests\Temp\Assembly-CSharp-Editor.dll
 (0,0): [10/23/2018 08:12:25.964 AM] Assembly-CSharp-Editor.dll compilation finished in 56ms  source files re-parsed: 0 metadata reloaded: 1
 (0,0): [10/23/2018 08:12:25.976 AM] Assembly-CSharp-Editor.dll: compilation was cached, 0 file(s) were found to have changed.
 (0,0): [10/23/2018 08:15:12.562 AM] Compiler cache size is now 17.35 MB
 (0,0): [10/23/2018 08:20:13.610 AM] Assembly-CSharp.dll compiling...
 (0,0): [10/23/2018 08:20:13.691 AM] Assembly-CSharp.dll: emitting IL to : D:\Documents\SimpleLitTests\Temp\Assembly-CSharp.dll
 (0,0): [10/23/2018 08:20:13.719 AM] Assembly-CSharp.dll compilation finished in 108ms  source files re-parsed: 1 metadata reloaded: 0
 (0,0): [10/23/2018 08:20:13.730 AM] Assembly-CSharp.dll: compilation was cached, 1 file(s) were found to have changed.
 (0,0): [10/23/2018 08:20:14.174 AM] Assembly-CSharp-Editor.dll compiling...
 (0,0): [10/23/2018 08:20:14.201 AM] Assembly-CSharp-Editor.dll: emitting IL to : D:\Documents\SimpleLitTests\Temp\Assembly-CSharp-Editor.dll
 (0,0): [10/23/2018 08:20:14.228 AM] Assembly-CSharp-Editor.dll compilation finished in 53ms  source files re-parsed: 0 metadata reloaded: 1
 (0,0): [10/23/2018 08:20:14.239 AM] Assembly-CSharp-Editor.dll: compilation was cached, 0 file(s) were found to have changed.
 (0,0): [10/23/2018 08:20:37.010 AM] Assembly-CSharp.dll compiling...
 (0,0): [10/23/2018 08:20:37.033 AM] Assembly-CSharp.dll: emitting IL to : D:\Documents\SimpleLitTests\Temp\Assembly-CSharp.dll
 (0,0): [10/23/2018 08:20:37.059 AM] Assembly-CSharp.dll compilation finished in 49ms  source files re-parsed: 1 metadata reloaded: 0
 (0,0): [10/23/2018 08:20:37.070 AM] Assembly-CSharp.dll: compilation was cached, 1 file(s) were found to have changed.
 (0,0): [10/23/2018 08:20:37.361 AM] Assembly-CSharp-Editor.dll compiling...
 (0,0): [10/23/2018 08:20:37.389 AM] Assembly-CSharp-Editor.dll: emitting IL to : D:\Documents\SimpleLitTests\Temp\Assembly-CSharp-Editor.dll
 (0,0): [10/23/2018 08:20:37.414 AM] Assembly-CSharp-Editor.dll compilation finished in 52ms  source files re-parsed: 0 metadata reloaded: 1
 (0,0): [10/23/2018 08:20:37.426 AM] Assembly-CSharp-Editor.dll: compilation was cached, 0 file(s) were found to have changed.
 (0,0): [10/23/2018 08:21:10.913 AM] Assembly-CSharp.dll compiling...
 (0,0): [10/23/2018 08:21:10.936 AM] Assembly-CSharp.dll: emitting IL to : D:\Documents\SimpleLitTests\Temp\Assembly-CSharp.dll
 (0,0): [10/23/2018 08:21:10.965 AM] Assembly-CSharp.dll compilation finished in 51ms  source files re-parsed: 1 metadata reloaded: 0
 (0,0): [10/23/2018 08:21:10.976 AM] Assembly-CSharp.dll: compilation was cached, 1 file(s) were found to have changed.
 (0,0): [10/23/2018 08:21:11.406 AM] Assembly-CSharp-Editor.dll compiling...
 (0,0): [10/23/2018 08:21:11.432 AM] Assembly-CSharp-Editor.dll: emitting IL to : D:\Documents\SimpleLitTests\Temp\Assembly-CSharp-Editor.dll
 (0,0): [10/23/2018 08:21:11.458 AM] Assembly-CSharp-Editor.dll compilation finished in 52ms  source files re-parsed: 0 metadata reloaded: 1
 (0,0): [10/23/2018 08:21:11.470 AM] Assembly-CSharp-Editor.dll: compilation was cached, 0 file(s) were found to have changed.
 (0,0): [10/23/2018 08:21:29.124 AM] Assembly-CSharp.dll compiling...
 (0,0): [10/23/2018 08:21:29.146 AM] Assembly-CSharp.dll: emitting IL to : D:\Documents\SimpleLitTests\Temp\Assembly-CSharp.dll
 (0,0): [10/23/2018 08:21:29.173 AM] Assembly-CSharp.dll compilation finished in 49ms  source files re-parsed: 1 metadata reloaded: 0
 (0,0): [10/23/2018 08:21:29.184 AM] Assembly-CSharp.dll: compilation was cached, 1 file(s) were found to have changed.
 (0,0): [10/23/2018 08:21:29.493 AM] Assembly-CSharp-Editor.dll compiling...
 (0,0): [10/23/2018 08:21:29.521 AM] Assembly-CSharp-Editor.dll: emitting IL to : D:\Documents\SimpleLitTests\Temp\Assembly-CSharp-Editor.dll
 (0,0): [10/23/2018 08:21:29.551 AM] Assembly-CSharp-Editor.dll compilation finished in 57ms  source files re-parsed: 0 metadata reloaded: 1
 (0,0): [10/23/2018 08:21:29.563 AM] Assembly-CSharp-Editor.dll: compilation was cached, 0 file(s) were found to have changed.
 (0,0): [10/23/2018 08:21:49.891 AM] Assembly-CSharp.dll compiling...
 (0,0): [10/23/2018 08:21:49.915 AM] Assembly-CSharp.dll: emitting IL to : D:\Documents\SimpleLitTests\Temp\Assembly-CSharp.dll
 (0,0): [10/23/2018 08:21:49.941 AM] Assembly-CSharp.dll compilation finished in 49ms  source files re-parsed: 1 metadata reloaded: 0
 (0,0): [10/23/2018 08:21:49.952 AM] Assembly-CSharp.dll: compilation was cached, 1 file(s) were found to have changed.
 (0,0): [10/23/2018 08:21:50.247 AM] Assembly-CSharp-Editor.dll compiling...
 (0,0): [10/23/2018 08:21:50.274 AM] Assembly-CSharp-Editor.dll: emitting IL to : D:\Documents\SimpleLitTests\Temp\Assembly-CSharp-Editor.dll
 (0,0): [10/23/2018 08:21:50.299 AM] Assembly-CSharp-Editor.dll compilation finished in 52ms  source files re-parsed: 0 metadata reloaded: 1
 (0,0): [10/23/2018 08:21:50.310 AM] Assembly-CSharp-Editor.dll: compilation was cached, 0 file(s) were found to have changed.
 (0,0): [10/23/2018 08:25:14.412 AM] Compiler cache size is now 17.35 MB
 (0,0): [10/23/2018 08:41:35.797 AM] Assembly-CSharp.dll compiling...
 (0,0): [10/23/2018 08:41:35.823 AM] Assembly-CSharp.dll: emitting IL to : D:\Documents\SimpleLitTests\Temp\Assembly-CSharp.dll
 (0,0): [10/23/2018 08:41:35.851 AM] Assembly-CSharp.dll compilation finished in 54ms  source files re-parsed: 1 metadata reloaded: 0
 (0,0): [10/23/2018 08:41:35.863 AM] Assembly-CSharp.dll: compilation was cached, 1 file(s) were found to have changed.
 (0,0): [10/23/2018 08:41:36.141 AM] Assembly-CSharp-Editor.dll compiling...
 (0,0): [10/23/2018 08:41:36.168 AM] Assembly-CSharp-Editor.dll: emitting IL to : D:\Documents\SimpleLitTests\Temp\Assembly-CSharp-Editor.dll
 (0,0): [10/23/2018 08:41:36.194 AM] Assembly-CSharp-Editor.dll compilation finished in 52ms  source files re-parsed: 0 metadata reloaded: 1
 (0,0): [10/23/2018 08:41:36.205 AM] Assembly-CSharp-Editor.dll: compilation was cached, 0 file(s) were found to have changed.
 (0,0): [10/23/2018 08:41:50.803 AM] Assembly-CSharp.dll compiling...
 (0,0): [10/23/2018 08:41:50.830 AM] Assembly-CSharp.dll: emitting IL to : D:\Documents\SimpleLitTests\Temp\Assembly-CSharp.dll
 (0,0): [10/23/2018 08:41:50.856 AM] Assembly-CSharp.dll compilation finished in 52ms  source files re-parsed: 1 metadata reloaded: 0
 (0,0): [10/23/2018 08:41:50.867 AM] Assembly-CSharp.dll: compilation was cached, 1 file(s) were found to have changed.
 (0,0): [10/23/2018 08:41:51.319 AM] Assembly-CSharp-Editor.dll compiling...
 (0,0): [10/23/2018 08:41:51.346 AM] Assembly-CSharp-Editor.dll: emitting IL to : D:\Documents\SimpleLitTests\Temp\Assembly-CSharp-Editor.dll
 (0,0): [10/23/2018 08:41:51.373 AM] Assembly-CSharp-Editor.dll compilation finished in 53ms  source files re-parsed: 0 metadata reloaded: 1
 (0,0): [10/23/2018 08:41:51.384 AM] Assembly-CSharp-Editor.dll: compilation was cached, 0 file(s) were found to have changed.
 (0,0): [10/23/2018 08:41:54.469 AM] Assembly-CSharp.dll compiling...
 (0,0): [10/23/2018 08:41:54.492 AM] Assembly-CSharp.dll: emitting IL to : D:\Documents\SimpleLitTests\Temp\Assembly-CSharp.dll
 (0,0): [10/23/2018 08:41:54.519 AM] Assembly-CSharp.dll compilation finished in 50ms  source files re-parsed: 1 metadata reloaded: 0
 (0,0): [10/23/2018 08:41:54.530 AM] Assembly-CSharp.dll: compilation was cached, 1 file(s) were found to have changed.
 (0,0): [10/23/2018 08:41:54.838 AM] Assembly-CSharp-Editor.dll compiling...
 (0,0): [10/23/2018 08:41:54.864 AM] Assembly-CSharp-Editor.dll: emitting IL to : D:\Documents\SimpleLitTests\Temp\Assembly-CSharp-Editor.dll
 (0,0): [10/23/2018 08:41:54.891 AM] Assembly-CSharp-Editor.dll compilation finished in 53ms  source files re-parsed: 0 metadata reloaded: 1
 (0,0): [10/23/2018 08:41:54.902 AM] Assembly-CSharp-Editor.dll: compilation was cached, 0 file(s) were found to have changed.
 (0,0): [10/23/2018 08:42:07.443 AM] Assembly-CSharp.dll compiling...
 (0,0): [10/23/2018 08:42:07.467 AM] Assembly-CSharp.dll: emitting IL to : D:\Documents\SimpleLitTests\Temp\Assembly-CSharp.dll
 (0,0): [10/23/2018 08:42:07.495 AM] Assembly-CSharp.dll compilation finished in 51ms  source files re-parsed: 1 metadata reloaded: 0
 (0,0): [10/23/2018 08:42:07.506 AM] Assembly-CSharp.dll: compilation was cached, 1 file(s) were found to have changed.
 (0,0): [10/23/2018 08:42:07.949 AM] Assembly-CSharp-Editor.dll compiling...
 (0,0): [10/23/2018 08:42:07.978 AM] Assembly-CSharp-Editor.dll: emitting IL to : D:\Documents\SimpleLitTests\Temp\Assembly-CSharp-Editor.dll
 (0,0): [10/23/2018 08:42:08.004 AM] Assembly-CSharp-Editor.dll compilation finished in 54ms  source files re-parsed: 0 metadata reloaded: 1
 (0,0): [10/23/2018 08:42:08.015 AM] Assembly-CSharp-Editor.dll: compilation was cached, 0 file(s) were found to have changed.
 (0,0): [10/23/2018 08:42:28.098 AM] Assembly-CSharp.dll compiling...
 (0,0): [10/23/2018 08:42:28.123 AM] Assembly-CSharp.dll: emitting IL to : D:\Documents\SimpleLitTests\Temp\Assembly-CSharp.dll
 (0,0): [10/23/2018 08:42:28.135 AM] Assembly-CSharp.dll compilation finished in 37ms  source files re-parsed: 1 metadata reloaded: 0
 (0,0): [10/23/2018 08:42:28.146 AM] Assembly-CSharp.dll: compilation was cached, 1 file(s) were found to have changed.
 (0,0): [10/23/2018 08:42:36.512 AM] Assembly-CSharp.dll compiling...
 (0,0): [10/23/2018 08:42:36.538 AM] Assembly-CSharp.dll: emitting IL to : D:\Documents\SimpleLitTests\Temp\Assembly-CSharp.dll
 (0,0): [10/23/2018 08:42:36.564 AM] Assembly-CSharp.dll compilation finished in 52ms  source files re-parsed: 1 metadata reloaded: 0
 (0,0): [10/23/2018 08:42:36.576 AM] Assembly-CSharp.dll: compilation was cached, 1 file(s) were found to have changed.
 (0,0): [10/23/2018 08:42:37.028 AM] Assembly-CSharp-Editor.dll compiling...
 (0,0): [10/23/2018 08:42:37.055 AM] Assembly-CSharp-Editor.dll: emitting IL to : D:\Documents\SimpleLitTests\Temp\Assembly-CSharp-Editor.dll
 (0,0): [10/23/2018 08:42:37.081 AM] Assembly-CSharp-Editor.dll compilation finished in 52ms  source files re-parsed: 0 metadata reloaded: 1
 (0,0): [10/23/2018 08:42:37.092 AM] Assembly-CSharp-Editor.dll: compilation was cached, 0 file(s) were found to have changed.
 (0,0): [10/23/2018 08:42:50.469 AM] Assembly-CSharp.dll compiling...
 (0,0): [10/23/2018 08:42:50.493 AM] Assembly-CSharp.dll: emitting IL to : D:\Documents\SimpleLitTests\Temp\Assembly-CSharp.dll
 (0,0): [10/23/2018 08:42:50.519 AM] Assembly-CSharp.dll compilation finished in 50ms  source files re-parsed: 1 metadata reloaded: 0
 (0,0): [10/23/2018 08:42:50.530 AM] Assembly-CSharp.dll: compilation was cached, 1 file(s) were found to have changed.
 (0,0): [10/23/2018 08:42:50.817 AM] Assembly-CSharp-Editor.dll compiling...
 (0,0): [10/23/2018 08:42:50.845 AM] Assembly-CSharp-Editor.dll: emitting IL to : D:\Documents\SimpleLitTests\Temp\Assembly-CSharp-Editor.dll
 (0,0): [10/23/2018 08:42:50.872 AM] Assembly-CSharp-Editor.dll compilation finished in 54ms  source files re-parsed: 0 metadata reloaded: 1
 (0,0): [10/23/2018 08:42:50.884 AM] Assembly-CSharp-Editor.dll: compilation was cached, 0 file(s) were found to have changed.
 (0,0): [10/23/2018 08:43:21.731 AM] Assembly-CSharp.dll compiling...
 (0,0): [10/23/2018 08:43:21.754 AM] Assembly-CSharp.dll: emitting IL to : D:\Documents\SimpleLitTests\Temp\Assembly-CSharp.dll
 (0,0): [10/23/2018 08:43:21.781 AM] Assembly-CSharp.dll compilation finished in 50ms  source files re-parsed: 1 metadata reloaded: 0
 (0,0): [10/23/2018 08:43:21.792 AM] Assembly-CSharp.dll: compilation was cached, 1 file(s) were found to have changed.
 (0,0): [10/23/2018 08:43:22.215 AM] Assembly-CSharp-Editor.dll compiling...
 (0,0): [10/23/2018 08:43:22.242 AM] Assembly-CSharp-Editor.dll: emitting IL to : D:\Documents\SimpleLitTests\Temp\Assembly-CSharp-Editor.dll
 (0,0): [10/23/2018 08:43:22.268 AM] Assembly-CSharp-Editor.dll compilation finished in 52ms  source files re-parsed: 0 metadata reloaded: 1
 (0,0): [10/23/2018 08:43:22.279 AM] Assembly-CSharp-Editor.dll: compilation was cached, 0 file(s) were found to have changed.
 (0,0): [10/23/2018 08:46:19.162 AM] Assembly-CSharp.dll compiling...
 (0,0): [10/23/2018 08:46:19.187 AM] Assembly-CSharp.dll: emitting IL to : D:\Documents\SimpleLitTests\Temp\Assembly-CSharp.dll
 (0,0): [10/23/2018 08:46:19.214 AM] Assembly-CSharp.dll compilation finished in 51ms  source files re-parsed: 1 metadata reloaded: 0
 (0,0): [10/23/2018 08:46:19.226 AM] Assembly-CSharp.dll: compilation was cached, 1 file(s) were found to have changed.
 (0,0): [10/23/2018 08:46:19.487 AM] Assembly-CSharp-Editor.dll compiling...
 (0,0): [10/23/2018 08:46:19.514 AM] Assembly-CSharp-Editor.dll: emitting IL to : D:\Documents\SimpleLitTests\Temp\Assembly-CSharp-Editor.dll
 (0,0): [10/23/2018 08:46:19.541 AM] Assembly-CSharp-Editor.dll compilation finished in 54ms  source files re-parsed: 0 metadata reloaded: 1
 (0,0): [10/23/2018 08:46:19.552 AM] Assembly-CSharp-Editor.dll: compilation was cached, 0 file(s) were found to have changed.
 (0,0): [10/23/2018 08:50:21.568 AM] Compiler cache size is now 17.35 MB
 (0,0): [10/23/2018 09:25:37.000 AM] Assembly-CSharp-Editor.dll compiling...
 (0,0): [10/23/2018 09:25:37.026 AM] Assembly-CSharp-Editor.dll: emitting IL to : D:\Documents\SimpleLitTests\Temp\Assembly-CSharp-Editor.dll
 (0,0): [10/23/2018 09:25:37.062 AM] Assembly-CSharp-Editor.dll compilation finished in 61ms  source files re-parsed: 1 metadata reloaded: 0
 (0,0): [10/23/2018 09:25:37.074 AM] Assembly-CSharp-Editor.dll: compilation was cached, 1 file(s) were found to have changed.
 (0,0): [10/23/2018 09:37:05.787 AM] Assembly-CSharp.dll compiling...
 (0,0): [10/23/2018 09:37:05.816 AM] Assembly-CSharp.dll: emitting IL to : D:\Documents\SimpleLitTests\Temp\Assembly-CSharp.dll
 (0,0): [10/23/2018 09:37:05.850 AM] Assembly-CSharp.dll compilation finished in 63ms  source files re-parsed: 1 metadata reloaded: 0
 (0,0): [10/23/2018 09:37:05.862 AM] Assembly-CSharp.dll: compilation was cached, 1 file(s) were found to have changed.
 (0,0): [10/23/2018 09:37:06.745 AM] Assembly-CSharp-Editor.dll compiling...
 (0,0): [10/23/2018 09:37:06.772 AM] Assembly-CSharp-Editor.dll: emitting IL to : D:\Documents\SimpleLitTests\Temp\Assembly-CSharp-Editor.dll
 (0,0): [10/23/2018 09:37:06.797 AM] Assembly-CSharp-Editor.dll compilation finished in 52ms  source files re-parsed: 0 metadata reloaded: 1
 (0,0): [10/23/2018 09:37:06.808 AM] Assembly-CSharp-Editor.dll: compilation was cached, 0 file(s) were found to have changed.
